d:\project\!misc\roma\project1\x64\release\vc143.pdb
d:\project\!misc\roma\project1\x64\release\project1.obj
d:\project\!misc\roma\project1\x64\release\cobjects.obj
d:\project\!misc\roma\project1\x64\release\project1.ipdb
d:\project\!misc\roma\project1\x64\release\project1.iobj
d:\project\!misc\roma\project1\x64\release\project1.exe
d:\project\!misc\roma\project1\x64\release\project1.pdb
d:\project\!misc\roma\project1\x64\release\project1.res
g:\projects\c projects\connectors\x64\release\cobjects.obj
g:\projects\c projects\connectors\x64\release\project1.obj
g:\projects\c projects\connectors\x64\release\project1.ipdb
g:\projects\c projects\connectors\x64\release\project1.iobj
g:\projects\c projects\connectors\x64\release\project1.res
g:\projects\c projects\connectors\x64\release\project1.pdb
g:\projects\c projects\connectors\x64\release\vc143.pdb
g:\projects\c projects\connectors\x64\release\project1.exe
g:\projects\c projects\connectors\x64\release\project1.tlog\cl.command.1.tlog
g:\projects\c projects\connectors\x64\release\project1.tlog\cl.items.tlog
g:\projects\c projects\connectors\x64\release\project1.tlog\cl.read.1.tlog
g:\projects\c projects\connectors\x64\release\project1.tlog\cl.write.1.tlog
g:\projects\c projects\connectors\x64\release\project1.tlog\link.command.1.tlog
g:\projects\c projects\connectors\x64\release\project1.tlog\link.read.1.tlog
g:\projects\c projects\connectors\x64\release\project1.tlog\link.write.1.tlog
g:\projects\c projects\connectors\x64\release\project1.tlog\link.write.2u.tlog
g:\projects\c projects\connectors\x64\release\project1.tlog\rc.command.1.tlog
g:\projects\c projects\connectors\x64\release\project1.tlog\rc.read.1.tlog
g:\projects\c projects\connectors\x64\release\project1.tlog\rc.write.1.tlog
