d:\project\!misc\roma\connectors\x64\debug\vc143.pdb
d:\project\!misc\roma\connectors\x64\debug\vc143.idb
d:\project\!misc\roma\connectors\x64\debug\project1.obj
d:\project\!misc\roma\connectors\x64\debug\graph.obj
d:\project\!misc\roma\connectors\x64\debug\cobjects.obj
d:\project\!misc\roma\connectors\x64\debug\project1.exe
d:\project\!misc\roma\connectors\x64\debug\project1.ilk
d:\project\!misc\roma\connectors\x64\debug\project1.pdb
d:\project\!misc\roma\connectors\x64\debug\project1.res
d:\project\!misc\roma\connectors\x64\debug\cobjects.obj.enc
d:\project\!misc\roma\connectors\x64\debug\project1.tlog\cl.command.1.tlog
d:\project\!misc\roma\connectors\x64\debug\project1.tlog\cl.items.tlog
d:\project\!misc\roma\connectors\x64\debug\project1.tlog\cl.read.1.tlog
d:\project\!misc\roma\connectors\x64\debug\project1.tlog\cl.write.1.tlog
d:\project\!misc\roma\connectors\x64\debug\project1.tlog\link.command.1.tlog
d:\project\!misc\roma\connectors\x64\debug\project1.tlog\link.read.1.tlog
d:\project\!misc\roma\connectors\x64\debug\project1.tlog\link.write.1.tlog
d:\project\!misc\roma\connectors\x64\debug\project1.tlog\rc.command.1.tlog
d:\project\!misc\roma\connectors\x64\debug\project1.tlog\rc.read.1.tlog
d:\project\!misc\roma\connectors\x64\debug\project1.tlog\rc.write.1.tlog
